.\tests\third_party\04.drac
label: <id> content: iterative_factorial line: 7 col: 19
label: ( content: ( line: 7 col: 20
label: <id> content: n line: 7 col: 21
label: ) content: ) line: 7 col: 22
label: { content: { line: 7 col: 24
label: var content: var line: 8 col: 7
label: <id> content: result line: 8 col: 14
label: , content: , line: 8 col: 15
label: <id> content: i line: 8 col: 17
label: ; content: ; line: 8 col: 18
label: <id> content: result line: 9 col: 10
label: = content: = line: 9 col: 12
label: <lit-int> content: 1 line: 9 col: 14
label: ; content: ; line: 9 col: 15
label: <id> content: i line: 10 col: 5
label: = content: = line: 10 col: 7
label: <lit-int> content: 2 line: 10 col: 9
label: ; content: ; line: 10 col: 10
label: while content: while line: 11 col: 9
label: ( content: ( line: 11 col: 11
label: <id> content: i line: 11 col: 12
label: <= content: <= line: 11 col: 15
label: <id> content: n line: 11 col: 17
label: ) content: ) line: 11 col: 18
label: { content: { line: 11 col: 20
label: <id> content: result line: 12 col: 14
label: = content: = line: 12 col: 16
label: <id> content: result line: 12 col: 23
label: * content: * line: 12 col: 25
label: <id> content: i line: 12 col: 27
label: ; content: ; line: 12 col: 28
label: inc content: inc line: 13 col: 11
label: <id> content: i line: 13 col: 13
label: ; content: ; line: 13 col: 14
label: } content: } line: 14 col: 5
label: return content: return line: 15 col: 10
label: <id> content: result line: 15 col: 17
label: ; content: ; line: 15 col: 18
label: } content: } line: 16 col: 1
label: <id> content: recursive_factorial line: 19 col: 19
label: ( content: ( line: 19 col: 20
label: <id> content: n line: 19 col: 21
label: ) content: ) line: 19 col: 22
label: { content: { line: 19 col: 24
label: if content: if line: 20 col: 6
label: ( content: ( line: 20 col: 8
label: <id> content: n line: 20 col: 9
label: <= content: <= line: 20 col: 12
label: <lit-int> content: 0 line: 20 col: 14
label: ) content: ) line: 20 col: 15
label: { content: { line: 20 col: 17
label: return content: return line: 21 col: 14
label: <lit-int> content: 1 line: 21 col: 16
label: ; content: ; line: 21 col: 17
label: } content: } line: 22 col: 5
label: else content: else line: 22 col: 10
label: { content: { line: 22 col: 12
label: return content: return line: 23 col: 14
label: <id> content: n line: 23 col: 16
label: * content: * line: 23 col: 18
label: <id> content: recursive_factorial line: 23 col: 38
label: ( content: ( line: 23 col: 39
label: <id> content: n line: 23 col: 40
label: - content: - line: 23 col: 42
label: <lit-int> content: 1 line: 23 col: 44
label: ) content: ) line: 23 col: 45
label: ; content: ; line: 23 col: 46
label: } content: } line: 24 col: 5
label: } content: } line: 25 col: 1
label: <id> content: main line: 27 col: 4
label: ( content: ( line: 27 col: 5
label: ) content: ) line: 27 col: 6
label: { content: { line: 27 col: 8
label: var content: var line: 28 col: 7
label: <id> content: num line: 28 col: 11
label: , content: , line: 28 col: 12
label: <id> content: option line: 28 col: 19
label: ; content: ; line: 28 col: 20
label: { content: { line: 29 col: 6
label: <id> content: prints line: 30 col: 14
label: ( content: ( line: 30 col: 15
label: <lit-str> content: "Input a number: " line: 30 col: 33
label: ) content: ) line: 30 col: 34
label: ; content: ; line: 30 col: 35
label: <id> content: num line: 31 col: 11
label: = content: = line: 31 col: 13
label: <id> content: readi line: 31 col: 19
label: ( content: ( line: 31 col: 20
label: ) content: ) line: 31 col: 21
label: ; content: ; line: 31 col: 22
label: <id> content: prints line: 32 col: 14
label: ( content: ( line: 32 col: 15
label: <lit-str> content: "Iterative factorial: " line: 32 col: 38
label: ) content: ) line: 32 col: 39
label: ; content: ; line: 32 col: 40
label: <id> content: printi line: 33 col: 14
label: ( content: ( line: 33 col: 15
label: <id> content: iterative_factorial line: 33 col: 34
label: ( content: ( line: 33 col: 35
label: <id> content: num line: 33 col: 38
label: ) content: ) line: 33 col: 39
label: ) content: ) line: 33 col: 40
label: ; content: ; line: 33 col: 41
label: <id> content: println line: 34 col: 15
label: ( content: ( line: 34 col: 16
label: ) content: ) line: 34 col: 17
label: ; content: ; line: 34 col: 18
label: <id> content: prints line: 35 col: 14
label: ( content: ( line: 35 col: 15
label: <lit-str> content: "Recursive factorial: " line: 35 col: 38
label: ) content: ) line: 35 col: 39
label: ; content: ; line: 35 col: 40
label: <id> content: printi line: 36 col: 14
label: ( content: ( line: 36 col: 15
label: <id> content: recursive_factorial line: 36 col: 34
label: ( content: ( line: 36 col: 35
label: <id> content: num line: 36 col: 38
label: ) content: ) line: 36 col: 39
label: ) content: ) line: 36 col: 40
label: ; content: ; line: 36 col: 41
label: <id> content: println line: 37 col: 15
label: ( content: ( line: 37 col: 16
label: ) content: ) line: 37 col: 17
label: ; content: ; line: 37 col: 18
label: <id> content: prints line: 38 col: 14
label: ( content: ( line: 38 col: 15
label: <lit-str> content: "Compute another factorial? " line: 38 col: 44
label: ) content: ) line: 38 col: 45
label: ; content: ; line: 38 col: 46
label: <id> content: option line: 39 col: 14
label: = content: = line: 39 col: 16
label: <id> content: reads line: 39 col: 22
label: ( content: ( line: 39 col: 23
label: ) content: ) line: 39 col: 24
label: ; content: ; line: 39 col: 25
label: if content: if line: 40 col: 10
label: ( content: ( line: 40 col: 12
label: <id> content: size line: 40 col: 16
label: ( content: ( line: 40 col: 17
label: <id> content: option line: 40 col: 23
label: ) content: ) line: 40 col: 24
label: == content: == line: 40 col: 27
label: <lit-int> content: 0 line: 40 col: 29
label: ) content: ) line: 40 col: 30
label: { content: { line: 40 col: 32
label: <id> content: option line: 41 col: 18
label: = content: = line: 41 col: 20
label: <lit-char> content: 'N' line: 41 col: 24
label: ; content: ; line: 41 col: 25
label: } content: } line: 42 col: 9
label: else content: else line: 42 col: 14
label: { content: { line: 42 col: 16
label: <id> content: option line: 43 col: 18
label: = content: = line: 43 col: 20
label: <id> content: get line: 43 col: 24
label: ( content: ( line: 43 col: 25
label: <id> content: option line: 43 col: 31
label: , content: , line: 43 col: 32
label: <lit-int> content: 0 line: 43 col: 34
label: ) content: ) line: 43 col: 35
label: ; content: ; line: 43 col: 36
label: } content: } line: 44 col: 9
label: } content: } line: 45 col: 5
label: while content: while line: 45 col: 11
label: ( content: ( line: 45 col: 13
label: <id> content: option line: 45 col: 19
label: == content: == line: 45 col: 22
label: <lit-char> content: 'Y' line: 45 col: 26
label: or content: or line: 45 col: 29
label: <id> content: option line: 45 col: 36
label: == content: == line: 45 col: 39
label: <lit-char> content: 'y' line: 45 col: 43
label: ) content: ) line: 45 col: 44
label: ; content: ; line: 45 col: 45
label: } content: } line: 46 col: 1
